* using log directory ‘/Users/lovisrieger/Bachelor/Biotech/..Rcheck’
* using R version 3.6.3 (2020-02-29)
* using platform: x86_64-apple-darwin15.6.0 (64-bit)
* using session charset: UTF-8
* checking for file ‘./DESCRIPTION’ ... OK
* this is package ‘Biotech’ version ‘0.0.0.9001’
* package encoding: UTF-8
* checking package namespace information ... OK
* checking package dependencies ... OK
* checking if this is a source package ... OK
* checking if there is a namespace ... OK
* checking for executable files ... WARNING
Found the following executable files:
  .git/objects/02/869d51114022535f8b77dcbb690495123e019c
  .git/objects/02/d691dbbd1257b7c77e512dc560aeb28d2e1ed4
  .git/objects/06/17357e529b1502306671e9aae70251251953bc
  .git/objects/0a/74e8a2b28ecd475a2ad5cc287868bc23d2eef3
  .git/objects/0b/8869a2fd94140258453fc156defd74a52f6e2f
  .git/objects/10/d38df47851754c088649e75667ba63c8470278
  .git/objects/11/2da828a14dec08e2f4c8f156aa843ea2f33483
  .git/objects/18/32eb1516b727a9b1f619af29faefeb564e6fa0
  .git/objects/1b/9a83280d8040d54adbc823124d9419f7674de9
  .git/objects/20/6f4ae27310041e6412fdef9a7e6ad2291ab1e4
  .git/objects/20/ea7abfaacb60dc9240ccc9358f1cfcf18c272b
  .git/objects/21/49d3c47d0654f489e64aba625948a21f490df9
  .git/objects/25/709e37584059d95ee15d9a6dfdf419fd137861
  .git/objects/2b/280859ed6f7bad509f7cc47409dda3a1eb311c
  .git/objects/32/1ca156ec47586ad809bd329d9121eb000e8df8
  .git/objects/32/76dd7ff7dca77f53649a8d3e3f55e957119800
  .git/objects/33/2d3c6125e32032c8769bf4ec364f3128589427
  .git/objects/37/38a697f0fe765e0633d8b74216a520e728a662
  .git/objects/3a/b6ecdbb91b818096d572aa0fc24cc65f3bb77a
  .git/objects/3c/fe205c6c75ee2fc84e0eec75c9231bbe288b6a
  .git/objects/43/c38623d44c97b730d73cd777819b4cd5d1469c
  .git/objects/44/f8c03dd88851a4a4b2395a83b32414d8b09e0c
  .git/objects/46/80fa76a01b696c94ede98d67cdce3adeb0f670
  .git/objects/50/9f593d009751f31c95ea43f8298040d8402fe6
  .git/objects/51/bdfd27ba5b7493f62826cfaf45fa0af2880e86
  .git/objects/51/c2dd497be5ffb186efad92681b3102ea6f4ceb
  .git/objects/58/104a190faa3daddeef1484daa261eb044d1a74
  .git/objects/5f/d9e1b2827ee0b44a763ee45b6b567622ae11eb
  .git/objects/61/33445af162d1e166916268ecf8fb96e4c1b496
  .git/objects/62/06cc513f691cc7f144d4b2200b742816cf23c7
  .git/objects/64/ee7902744392c96a7ef56a1e3f94d4f5a3de3a
  .git/objects/67/c4fca0cad59125ad8fa4d20ad42aa2cd4019d6
  .git/objects/69/340c198d2cc1668c131e72cfc08c9e7ac6eef7
  .git/objects/6e/f2f7996beb88fdbf39cb80e9dd3c1082d5b560
  .git/objects/71/b4638805e4bbe60e551f8b2b0e65a10001a909
  .git/objects/73/3c74284571c1c8ae3797584d0500f85244f409
  .git/objects/73/e8e5735aa653bd2ca67f2321bfec683704b953
  .git/objects/74/591670eb2da6f7dbc4f5ff06af642af001d1f1
  .git/objects/76/ecc1a9408aa4df57012da69329ae5264e4503e
  .git/objects/7b/cb8ac1ac857c14aa1a2db8f8c0fcf013a7ddcc
  .git/objects/7c/74ac41347889a5c606e3e1bd7b6e7a8110d7f7
  .git/objects/7e/2b8bb311d173f75c2ceca81b1af5082c0890e5
  .git/objects/82/1e0e9f028db9c96dfab916c3255167798d3b69
  .git/objects/85/4fc5a01f1f37e7236be9cb432f81f7b3dd1e81
  .git/objects/87/ab7b1289e45f231e939c20da13ecf10e19b9a0
  .git/objects/88/e2b47be287482f18a0d71252e1681176c0cbef
  .git/objects/8d/9672e3da007d6ec9753775f5e643586345b5e2
  .git/objects/90/2fb1fc12f175eccf80d8b354df67983edc5109
  .git/objects/94/8a205ae7f34b11320be4f0b1f3e98801a3fe60
  .git/objects/95/275f4e2917e80a27dbb04ce48d2a80d88caf65
  .git/objects/96/31d1140a050af4f17fbb3a026aa6d37bc263fe
  .git/objects/98/4bda1725d3296b77a934b7d4d47e0e814e33f2
  .git/objects/9b/4e019e10f40e85c837a3209c18a85eb0ac0a36
  .git/objects/9c/9a0c3d0bd6abade78613345e1cc50e2737e51f
  .git/objects/9e/0ca22f2a13e1b6ecba917778a6f70ce12e0750
  .git/objects/9e/85387a2bd31865fbeb8225161b7a952f349e59
  .git/objects/9e/bb90d435463fdf41a65cf6a2f8c3fd60bfa297
  .git/objects/a0/007905c08cdaf71912aa5b25e337c1108214fa
  .git/objects/a2/8aace267110f1426f21aaf589f242d756dd4ea
  .git/objects/a3/9665c27264cb1b830238098b05ae4eb45f1fbe
  .git/objects/a3/ea64d2c8267ead84031d503c2d52f2eb58df50
  .git/objects/a4/b455fbd083ac6c1af4bc840fc77b169997e1d7
  .git/objects/af/5ea6fce187a635c3e14b57216241f0f41b674e
  .git/objects/b0/ae3c639c8e2a01b18c7a4fd4f86f3d5ef6c516
  .git/objects/b0/df3d7daa28bbba2adce8bbd83f7387a6fc503f
  .git/objects/b3/5e20b84e1c47cdbfa8b1b9ab9c5b3b5442e33c
  .git/objects/b6/8aab3068a999560ed3b2bc421be4c851b7b733
  .git/objects/b7/63695e891d09fab810ab956a4d5a7ae07297c2
  .git/objects/b9/b607ecf3077782e18d95176e5d5f38ba5a86c6
  .git/objects/ba/15f6ab58ebf2cc7e224061cdf6a8a9a26cfe26
  .git/objects/ba/a260b733b162f569a0a05ad86098718439e24d
  .git/objects/bf/90655c6ec3ac76d60bea74d8b7f0655a41848d
  .git/objects/c3/8b19926164dc8f100edbd0c3639ada0288e6bd
  .git/objects/c5/6e780921485656e5dd9ec4fd2f90dd55f93bda
  .git/objects/c8/cc88ebd798db40d44ff75371af52feab07df78
  .git/objects/cb/2811379ee625d2f43e4612ea57827fcdde356d
  .git/objects/ce/8d89e4e59a6e000c12ccab558d599141a99198
  .git/objects/d5/e6db1c4d0510e5e321d8e260c881e567002f17
  .git/objects/d7/26df8f5a01d307220271556a8c43dcec339be6
  .git/objects/d7/90077fc757e548afcd09e065b8408b7a6eee2c
  .git/objects/d7/b5efa5c1609c54462a3c49d7ada021c93352ce
  .git/objects/de/3aa0176f86b40d923b6005034df2169b5573ff
  .git/objects/e0/3deb74a8d9b15fd6e8ef805d885a35799a116b
  .git/objects/e3/6b0b279ce40b3d86f4cd0c631eb2e63f6de1dc
  .git/objects/e4/ae40a79e64f65d418eba7c7092b285ad4686be
  .git/objects/e5/2c34e3facc2f0a8b8b2c2f7132e68e1f8babeb
  .git/objects/e6/6e836929b0159d53b499cdb924eb25a7ca297f
  .git/objects/e7/bf10bfb4688f17d8ca4b00a37ea8307d73f8c8
  .git/objects/e7/dbf49fe2a68389e90c9b9862b5817c9aef9c21
  .git/objects/e9/428b775a2367e4412ae21fa010e3b50d58d2a6
  .git/objects/e9/f4c94f3ff9411fddf788ad1c30107d79c7207c
  .git/objects/ec/c3bd40c69012411a5bade3592d813ae03afc6b
  .git/objects/ed/c75d784577b9b0f7afde56e11469c4dadbe74f
  .git/objects/ef/7c1e597f4a59e855a48382e90d82f643dacb3d
  .git/objects/ef/a664a0b7510908e5bf7c6cd4e995f0951a4933
  .git/objects/f4/1832f03ebd32a5d7728b8626c34271f417f069
  .git/objects/f5/fc7eeba2fccb41d664ae0916b021dae9ef23f4
  .git/objects/f6/224597bd4d59d4df938a05bfcfd652e0842787
  .git/objects/f8/8b4571c13cf7397f08ea9803aef70827988339
  .git/objects/fc/6f2faa215a10bd50e0624714cd13b146a8cf7e
  .git/objects/fc/d6f984fd7d394b8cc56d7e44c5dd235ecbf348
  .git/objects/ff/37e3444d087684787273e5a104ea373a29a257
Source packages should not contain undeclared executable files.
See section ‘Package structure’ in the ‘Writing R Extensions’ manual.
* checking for hidden files and directories ... NOTE
Found the following hidden files and directories:
  R/.RData
  R/.Rhistory
  ..Rcheck
  .git
These were most likely included in error. See section ‘Package
structure’ in the ‘Writing R Extensions’ manual.
* checking for portable file names ... OK
* checking for sufficient/correct file permissions ... OK
* checking whether package ‘Biotech’ can be installed ... OK
* checking installed package size ... OK
* checking package directory ... OK
* checking DESCRIPTION meta-information ... NOTE
Malformed Description field: should contain one or more complete sentences.
Invalid license file pointers: LICENSE
Checking should be performed on sources prepared by ‘R CMD build’.
* checking top-level files ... OK
* checking for left-over files ... OK
* checking index information ... OK
* checking package subdirectories ... WARNING
Found the following directory with the name of a check directory:
  ./..Rcheck
Most likely, these were included erroneously.
* checking R files for non-ASCII characters ... OK
* checking R files for syntax errors ... OK
* checking whether the package can be loaded ... OK
* checking whether the package can be loaded with stated dependencies ... OK
* checking whether the package can be unloaded cleanly ... OK
* checking whether the namespace can be loaded with stated dependencies ... OK
* checking whether the namespace can be unloaded cleanly ... OK
* checking loading without being on the library search path ... OK
* checking dependencies in R code ... WARNING
'::' or ':::' import not declared from: ‘dr4pl’
Missing or unexported objects:
  ‘base::coefficients’ ‘base::lm’ ‘base::plot’
* checking S3 generic/method consistency ... WARNING
c:
  function(...)
c.any:
  function(ds, ele, org)

See section ‘Generic functions and methods’ in the ‘Writing R
Extensions’ manual.
* checking replacement functions ... OK
* checking foreign function calls ... OK
* checking R code for possible problems ... OK
* checking Rd files ... NOTE
prepare_Rd: PM.Rd:20-22: Dropping empty section \value
prepare_Rd: kLaD.korr.H2O.Rd:22-24: Dropping empty section \value
prepare_Rd: kLaD.korr.nN.Rd:53-55: Dropping empty section \value
prepare_Rd: mix.t.nN.Rd:47-49: Dropping empty section \value
* checking Rd metadata ... OK
* checking Rd cross-references ... OK
* checking for missing documentation entries ... OK
* checking for code/documentation mismatches ... OK
* checking Rd \usage sections ... WARNING
Undocumented arguments in documentation object 'Eadie_Hofstee'
  ‘printfigure’

Functions with \usage entries need to have the appropriate \alias
entries, and all their arguments documented.
The \usage entries must correspond to syntactically valid R code.
See chapter ‘Writing R documentation files’ in the ‘Writing R
Extensions’ manual.
* checking Rd contents ... OK
* checking for unstated dependencies in examples ... OK
* checking examples ... OK
* checking PDF version of manual ... OK
* DONE
Status: 5 WARNINGs, 3 NOTEs
